<?xml version="1.0" encoding="UTF-8"?>
<!-- Generated by org.testng.reporters.JUnitReportReporter -->
<testsuite hostname="LAPTOP-4E5KEEAN" failures="0" tests="1" name="com.ds.testLayer.GetTransactionData" time="15.953" errors="0" timestamp="2023-02-06T17:25:49 IST" skipped="0">
  <testcase classname="com.ds.testLayer.GetTransactionData" name="getDataFromTransactionPage" time="15.953"/>
  <system-out/>
</testsuite> <!-- com.ds.testLayer.GetTransactionData -->
