<?xml version="1.0" encoding="UTF-8"?>
<!-- Generated by org.testng.reporters.JUnitReportReporter -->
<testsuite hostname="LAPTOP-4E5KEEAN" failures="0" tests="2" name="com.ds.testBase.TestBase" time="33.362" errors="0" timestamp="2023-01-28T06:39:09 IST" skipped="0">
  <testcase classname="com.ds.testBase.TestBase" name="test2" time="9.648"/>
  <system-out/>
  <testcase classname="com.ds.testBase.TestBase" name="test1" time="23.714"/>
  <system-out/>
</testsuite> <!-- com.ds.testBase.TestBase -->
